<?xml version="1.0" encoding="UTF-8" ?>
<testsuite failures="0" time="0.081" errors="0" skipped="0" tests="60" name="com.google.protobuf.GeneratedMessageTest">
  <properties>
    <property name="java.runtime.name" value="Java(TM) SE Runtime Environment"/>
    <property name="sun.boot.library.path" value="C:\Program Files (x86)\Java\jdk1.7.0_03\jre\bin"/>
    <property name="java.vm.version" value="22.1-b02"/>
    <property name="java.vm.vendor" value="Oracle Corporation"/>
    <property name="java.vendor.url" value="http://java.oracle.com/"/>
    <property name="path.separator" value=";"/>
    <property name="java.vm.name" value="Java HotSpot(TM) Client VM"/>
    <property name="file.encoding.pkg" value="sun.io"/>
    <property name="user.script" value=""/>
    <property name="user.country" value="CN"/>
    <property name="sun.java.launcher" value="SUN_STANDARD"/>
    <property name="sun.os.patch.level" value=""/>
    <property name="java.vm.specification.name" value="Java Virtual Machine Specification"/>
    <property name="user.dir" value="D:\java\protobuf-2.4.1\java"/>
    <property name="java.runtime.version" value="1.7.0_03-b05"/>
    <property name="java.awt.graphicsenv" value="sun.awt.Win32GraphicsEnvironment"/>
    <property name="basedir" value="D:\java\protobuf-2.4.1\java"/>
    <property name="java.endorsed.dirs" value="C:\Program Files (x86)\Java\jdk1.7.0_03\jre\lib\endorsed"/>
    <property name="os.arch" value="x86"/>
    <property name="surefire.real.class.path" value="D:\java\protobuf-2.4.1\java\target\surefire\surefirebooter8313498312864080241.jar"/>
    <property name="java.io.tmpdir" value="C:\Users\ADMINI~1\AppData\Local\Temp\"/>
    <property name="line.separator" value="
"/>
    <property name="java.vm.specification.vendor" value="Oracle Corporation"/>
    <property name="user.variant" value=""/>
    <property name="os.name" value="Windows 7"/>
    <property name="sun.jnu.encoding" value="GBK"/>
    <property name="java.library.path" value="C:\Program Files (x86)\Java\jdk1.7.0_03\jre\bin;C:\Windows\Sun\Java\bin;C:\Windows\system32;C:\Windows;C:\Program Files (x86)\Intel\iCLS Client\;C:\Program Files\Intel\iCLS Client\;C:\Windows\system32;C:\Windows;C:\Windows\System32\Wbem;C:\Windows\System32\WindowsPowerShell\v1.0\;C:\Program Files\Intel\Intel(R) Management Engine Components\DAL;C:\Program Files\Intel\Intel(R) Management Engine Components\IPT;C:\Program Files (x86)\Intel\Intel(R) Management Engine Components\DAL;C:\Program Files (x86)\Intel\Intel(R) Management Engine Components\IPT;C:\Program Files\TortoiseSVN\bin;C:\Program Files (x86)\Java\jdk1.7.0_03\bin;C:\Program Files (x86)\Microsoft SQL Server\90\Tools\binn\;D:\java\protobuf-2.4.1\src;C:\Program Files (x86)\OpenVPN\bin;."/>
    <property name="surefire.test.class.path" value="D:\java\protobuf-2.4.1\java\target\test-classes;D:\java\protobuf-2.4.1\java\target\classes;C:\Users\Administrator\.m2\repository\junit\junit\4.4\junit-4.4.jar;C:\Users\Administrator\.m2\repository\org\easymock\easymock\2.2\easymock-2.2.jar;C:\Users\Administrator\.m2\repository\org\easymock\easymockclassextension\2.2.1\easymockclassextension-2.2.1.jar;C:\Users\Administrator\.m2\repository\cglib\cglib-nodep\2.1_3\cglib-nodep-2.1_3.jar;"/>
    <property name="java.specification.name" value="Java Platform API Specification"/>
    <property name="java.class.version" value="51.0"/>
    <property name="sun.management.compiler" value="HotSpot Client Compiler"/>
    <property name="os.version" value="6.1"/>
    <property name="user.home" value="C:\Users\Administrator"/>
    <property name="user.timezone" value=""/>
    <property name="java.awt.printerjob" value="sun.awt.windows.WPrinterJob"/>
    <property name="java.specification.version" value="1.7"/>
    <property name="file.encoding" value="GBK"/>
    <property name="user.name" value="Administrator"/>
    <property name="java.class.path" value="D:\java\protobuf-2.4.1\java\target\test-classes;D:\java\protobuf-2.4.1\java\target\classes;C:\Users\Administrator\.m2\repository\junit\junit\4.4\junit-4.4.jar;C:\Users\Administrator\.m2\repository\org\easymock\easymock\2.2\easymock-2.2.jar;C:\Users\Administrator\.m2\repository\org\easymock\easymockclassextension\2.2.1\easymockclassextension-2.2.1.jar;C:\Users\Administrator\.m2\repository\cglib\cglib-nodep\2.1_3\cglib-nodep-2.1_3.jar;"/>
    <property name="java.vm.specification.version" value="1.7"/>
    <property name="sun.arch.data.model" value="32"/>
    <property name="java.home" value="C:\Program Files (x86)\Java\jdk1.7.0_03\jre"/>
    <property name="sun.java.command" value="D:\java\protobuf-2.4.1\java\target\surefire\surefirebooter8313498312864080241.jar D:\java\protobuf-2.4.1\java\target\surefire\surefire1645813669733677726tmp D:\java\protobuf-2.4.1\java\target\surefire\surefire7452202701347601555tmp"/>
    <property name="java.specification.vendor" value="Oracle Corporation"/>
    <property name="user.language" value="zh"/>
    <property name="awt.toolkit" value="sun.awt.windows.WToolkit"/>
    <property name="java.vm.info" value="mixed mode, sharing"/>
    <property name="java.version" value="1.7.0_03"/>
    <property name="java.ext.dirs" value="C:\Program Files (x86)\Java\jdk1.7.0_03\jre\lib\ext;C:\Windows\Sun\Java\lib\ext"/>
    <property name="sun.boot.class.path" value="C:\Program Files (x86)\Java\jdk1.7.0_03\jre\lib\resources.jar;C:\Program Files (x86)\Java\jdk1.7.0_03\jre\lib\rt.jar;C:\Program Files (x86)\Java\jdk1.7.0_03\jre\lib\sunrsasign.jar;C:\Program Files (x86)\Java\jdk1.7.0_03\jre\lib\jsse.jar;C:\Program Files (x86)\Java\jdk1.7.0_03\jre\lib\jce.jar;C:\Program Files (x86)\Java\jdk1.7.0_03\jre\lib\charsets.jar;C:\Program Files (x86)\Java\jdk1.7.0_03\jre\classes"/>
    <property name="java.vendor" value="Oracle Corporation"/>
    <property name="localRepository" value="C:\Users\Administrator\.m2\repository"/>
    <property name="file.separator" value="\"/>
    <property name="java.vendor.url.bug" value="http://bugreport.sun.com/bugreport/"/>
    <property name="sun.cpu.endian" value="little"/>
    <property name="sun.io.unicode.encoding" value="UnicodeLittle"/>
    <property name="sun.desktop" value="windows"/>
    <property name="sun.cpu.isalist" value="pentium_pro+mmx pentium_pro pentium+mmx pentium i486 i386 i86"/>
  </properties>
  <testcase time="0" classname="com.google.protobuf.GeneratedMessageTest" name="testParsePackedToUnpacked"/>
  <testcase time="0" classname="com.google.protobuf.GeneratedMessageTest" name="testParseUnpackedToPacked"/>
  <testcase time="0.001" classname="com.google.protobuf.GeneratedMessageTest" name="testClear"/>
  <testcase time="0" classname="com.google.protobuf.GeneratedMessageTest" name="testOptionalFieldWithRequiredSubfieldsOptimizedForSize"/>
  <testcase time="0.001" classname="com.google.protobuf.GeneratedMessageTest" name="testToBuilder"/>
  <testcase time="0" classname="com.google.protobuf.GeneratedMessageTest" name="testDefaultInstance"/>
  <testcase time="0" classname="com.google.protobuf.GeneratedMessageTest" name="testMessageOrBuilder"/>
  <testcase time="0" classname="com.google.protobuf.GeneratedMessageTest" name="testRepeatedSetters"/>
  <testcase time="0.001" classname="com.google.protobuf.GeneratedMessageTest" name="testRepeatedAppend"/>
  <testcase time="0" classname="com.google.protobuf.GeneratedMessageTest" name="testProtosShareRepeatedArraysIfDidntChange"/>
  <testcase time="0.001" classname="com.google.protobuf.GeneratedMessageTest" name="testSettingForeignMessageUsingBuilder"/>
  <testcase time="0" classname="com.google.protobuf.GeneratedMessageTest" name="testReflectionRepeatedSettersRejectNull"/>
  <testcase time="0" classname="com.google.protobuf.GeneratedMessageTest" name="testExtensionReflectionSettersRejectNull"/>
  <testcase time="0.001" classname="com.google.protobuf.GeneratedMessageTest" name="testExtensionReflectionRepeatedSetters"/>
  <testcase time="0.001" classname="com.google.protobuf.GeneratedMessageTest" name="testUninitializedExtensionInOptimizedForSize"/>
  <testcase time="0.005" classname="com.google.protobuf.GeneratedMessageTest" name="testNonNestedExtensionLiteInitialization"/>
  <testcase time="0.001" classname="com.google.protobuf.GeneratedMessageTest" name="testNestedExtensionLiteInitialization"/>
  <testcase time="0" classname="com.google.protobuf.GeneratedMessageTest" name="testUsingBuilderMultipleTimes"/>
  <testcase time="0" classname="com.google.protobuf.GeneratedMessageTest" name="testRepeatedArraysAreImmutable"/>
  <testcase time="0" classname="com.google.protobuf.GeneratedMessageTest" name="testRepeatedSettersRejectNull"/>
  <testcase time="0" classname="com.google.protobuf.GeneratedMessageTest" name="testRepeatedAppendRejectsNull"/>
  <testcase time="0.001" classname="com.google.protobuf.GeneratedMessageTest" name="testReflectionSettersRejectNull"/>
  <testcase time="0.002" classname="com.google.protobuf.GeneratedMessageTest" name="testReflectionRepeatedSetters"/>
  <testcase time="0.001" classname="com.google.protobuf.GeneratedMessageTest" name="testExtensionMessageOrBuilder"/>
  <testcase time="0.001" classname="com.google.protobuf.GeneratedMessageTest" name="testExtensionReflectionGetters"/>
  <testcase time="0.002" classname="com.google.protobuf.GeneratedMessageTest" name="testExtensionReflectionSetters"/>
  <testcase time="0.005" classname="com.google.protobuf.GeneratedMessageTest" name="testSerialize"/>
  <testcase time="0" classname="com.google.protobuf.GeneratedMessageTest" name="testExtensionMergeFrom"/>
  <testcase time="0.001" classname="com.google.protobuf.GeneratedMessageTest" name="testLiteExtensionDefaults"/>
  <testcase time="0" classname="com.google.protobuf.GeneratedMessageTest" name="testClearLiteExtension"/>
  <testcase time="0.004" classname="com.google.protobuf.GeneratedMessageTest" name="testLiteExtensionCopy"/>
  <testcase time="0" classname="com.google.protobuf.GeneratedMessageTest" name="testLiteExtensionMergeFrom"/>
  <testcase time="0.013" classname="com.google.protobuf.GeneratedMessageTest" name="testMultipleFilesOption"/>
  <testcase time="0" classname="com.google.protobuf.GeneratedMessageTest" name="testFieldConstantValues"/>
  <testcase time="0" classname="com.google.protobuf.GeneratedMessageTest" name="testExtensionConstantValues"/>
  <testcase time="0.001" classname="com.google.protobuf.GeneratedMessageTest" name="testInvalidations_Extensions"/>
  <testcase time="0" classname="com.google.protobuf.GeneratedMessageTest" name="testBaseMessageOrBuilder"/>
  <testcase time="0.003" classname="com.google.protobuf.GeneratedMessageTest" name="testMessageOrBuilderGetters"/>
  <testcase time="0.001" classname="com.google.protobuf.GeneratedMessageTest" name="testSettersRejectNull"/>
  <testcase time="0.001" classname="com.google.protobuf.GeneratedMessageTest" name="testReflectionGetters"/>
  <testcase time="0.001" classname="com.google.protobuf.GeneratedMessageTest" name="testReflectionSetters"/>
  <testcase time="0" classname="com.google.protobuf.GeneratedMessageTest" name="testReflectionDefaults"/>
  <testcase time="0.001" classname="com.google.protobuf.GeneratedMessageTest" name="testExtensionRepeatedSetters"/>
  <testcase time="0" classname="com.google.protobuf.GeneratedMessageTest" name="testExtensionDefaults"/>
  <testcase time="0" classname="com.google.protobuf.GeneratedMessageTest" name="testEnumInterface"/>
  <testcase time="0" classname="com.google.protobuf.GeneratedMessageTest" name="testClearExtension"/>
  <testcase time="0.001" classname="com.google.protobuf.GeneratedMessageTest" name="testExtensionCopy"/>
  <testcase time="0" classname="com.google.protobuf.GeneratedMessageTest" name="testSerializePartial"/>
  <testcase time="0.001" classname="com.google.protobuf.GeneratedMessageTest" name="testEnumValues"/>
  <testcase time="0" classname="com.google.protobuf.GeneratedMessageTest" name="testInvalidations"/>
  <testcase time="0.001" classname="com.google.protobuf.GeneratedMessageTest" name="testExtensionReflectionDefaults"/>
  <testcase time="0" classname="com.google.protobuf.GeneratedMessageTest" name="testLiteExtensionMessageOrBuilder"/>
  <testcase time="0.001" classname="com.google.protobuf.GeneratedMessageTest" name="testLiteExtensionRepeatedSetters"/>
  <testcase time="0" classname="com.google.protobuf.GeneratedMessageTest" name="testRecursiveMessageDefaultInstance"/>
  <testcase time="0.005" classname="com.google.protobuf.GeneratedMessageTest" name="testNonNestedExtensionInitialization"/>
  <testcase time="0.004" classname="com.google.protobuf.GeneratedMessageTest" name="testNestedExtensionInitialization"/>
  <testcase time="0" classname="com.google.protobuf.GeneratedMessageTest" name="testSettingRepeatedForeignMessageUsingBuilder"/>
  <testcase time="0.001" classname="com.google.protobuf.GeneratedMessageTest" name="testExtensionReflectionRepeatedSettersRejectNull"/>
  <testcase time="0" classname="com.google.protobuf.GeneratedMessageTest" name="testDefaults"/>
  <testcase time="0" classname="com.google.protobuf.GeneratedMessageTest" name="testEnumMap"/>
</testsuite>